<?xml version="1.0" encoding="UTF-8"?>
<coverage generated="1764786034593" clover="3.2.0">
  <project timestamp="1764786034593" name="All files">
    <metrics statements="1236" coveredstatements="102" conditionals="971" coveredconditionals="30" methods="204" coveredmethods="15" elements="2411" coveredelements="147" complexity="0" loc="1236" ncloc="1236" packages="1" files="1" classes="1"/>
    <file name="features.js" path="C:\Users\wifel\Desktop\Assets\BFS IT\Projekt\wetter-app-main\src\features.js">
      <metrics statements="1236" coveredstatements="102" conditionals="971" coveredconditionals="30" methods="204" coveredmethods="15"/>
      <line num="28" count="6" type="cond" truecount="1" falsecount="1"/>
      <line num="29" count="6" type="stmt"/>
      <line num="36" count="2" type="stmt"/>
      <line num="43" count="2" type="stmt"/>
      <line num="52" count="2" type="stmt"/>
      <line num="53" count="2" type="stmt"/>
      <line num="54" count="2" type="stmt"/>
      <line num="55" count="2" type="stmt"/>
      <line num="56" count="2" type="stmt"/>
      <line num="57" count="2" type="stmt"/>
      <line num="58" count="2" type="stmt"/>
      <line num="59" count="2" type="stmt"/>
      <line num="60" count="2" type="stmt"/>
      <line num="61" count="14" type="stmt"/>
      <line num="62" count="2" type="stmt"/>
      <line num="63" count="2" type="stmt"/>
      <line num="64" count="2" type="stmt"/>
      <line num="65" count="2" type="stmt"/>
      <line num="66" count="2" type="stmt"/>
      <line num="67" count="2" type="stmt"/>
      <line num="68" count="2" type="stmt"/>
      <line num="69" count="2" type="stmt"/>
      <line num="70" count="2" type="stmt"/>
      <line num="71" count="2" type="stmt"/>
      <line num="72" count="2" type="stmt"/>
      <line num="73" count="2" type="stmt"/>
      <line num="74" count="2" type="stmt"/>
      <line num="75" count="2" type="stmt"/>
      <line num="76" count="2" type="stmt"/>
      <line num="77" count="2" type="stmt"/>
      <line num="78" count="2" type="stmt"/>
      <line num="79" count="2" type="stmt"/>
      <line num="80" count="2" type="stmt"/>
      <line num="81" count="2" type="stmt"/>
      <line num="82" count="2" type="stmt"/>
      <line num="83" count="2" type="stmt"/>
      <line num="84" count="2" type="stmt"/>
      <line num="85" count="2" type="stmt"/>
      <line num="86" count="2" type="stmt"/>
      <line num="87" count="2" type="stmt"/>
      <line num="88" count="2" type="stmt"/>
      <line num="89" count="2" type="stmt"/>
      <line num="90" count="2" type="stmt"/>
      <line num="91" count="2" type="stmt"/>
      <line num="92" count="2" type="stmt"/>
      <line num="93" count="2" type="stmt"/>
      <line num="94" count="2" type="stmt"/>
      <line num="95" count="2" type="stmt"/>
      <line num="99" count="0" type="stmt"/>
      <line num="100" count="0" type="cond" truecount="0" falsecount="2"/>
      <line num="101" count="0" type="stmt"/>
      <line num="102" count="0" type="stmt"/>
      <line num="105" count="0" type="cond" truecount="0" falsecount="2"/>
      <line num="106" count="0" type="stmt"/>
      <line num="108" count="0" type="stmt"/>
      <line num="111" count="0" type="stmt"/>
      <line num="112" count="0" type="stmt"/>
      <line num="113" count="0" type="stmt"/>
      <line num="115" count="0" type="cond" truecount="0" falsecount="2"/>
      <line num="116" count="0" type="stmt"/>
      <line num="117" count="0" type="stmt"/>
      <line num="118" count="0" type="stmt"/>
      <line num="119" count="0" type="stmt"/>
      <line num="120" count="0" type="stmt"/>
      <line num="123" count="0" type="stmt"/>
      <line num="124" count="0" type="stmt"/>
      <line num="125" count="0" type="stmt"/>
      <line num="129" count="0" type="stmt"/>
      <line num="136" count="0" type="stmt"/>
      <line num="143" count="0" type="stmt"/>
      <line num="144" count="0" type="cond" truecount="0" falsecount="4"/>
      <line num="145" count="0" type="stmt"/>
      <line num="147" count="0" type="stmt"/>
      <line num="151" count="0" type="cond" truecount="0" falsecount="2"/>
      <line num="153" count="0" type="cond" truecount="0" falsecount="2"/>
      <line num="154" count="0" type="stmt"/>
      <line num="155" count="0" type="cond" truecount="0" falsecount="2"/>
      <line num="157" count="0" type="stmt"/>
      <line num="158" count="0" type="cond" truecount="0" falsecount="2"/>
      <line num="163" count="2" type="stmt"/>
      <line num="223" count="2" type="stmt"/>
      <line num="338" count="0" type="cond" truecount="0" falsecount="2"/>
      <line num="340" count="0" type="stmt"/>
      <line num="341" count="0" type="stmt"/>
      <line num="342" count="0" type="stmt"/>
      <line num="343" count="0" type="stmt"/>
      <line num="344" count="0" type="stmt"/>
      <line num="345" count="0" type="cond" truecount="0" falsecount="2"/>
      <line num="349" count="0" type="stmt"/>
      <line num="350" count="0" type="stmt"/>
      <line num="351" count="0" type="stmt"/>
      <line num="353" count="0" type="stmt"/>
      <line num="354" count="0" type="stmt"/>
      <line num="355" count="0" type="stmt"/>
      <line num="356" count="0" type="cond" truecount="0" falsecount="2"/>
      <line num="357" count="0" type="stmt"/>
      <line num="359" count="0" type="cond" truecount="0" falsecount="2"/>
      <line num="360" count="0" type="stmt"/>
      <line num="361" count="0" type="cond" truecount="0" falsecount="2"/>
      <line num="362" count="0" type="stmt"/>
      <line num="364" count="0" type="stmt"/>
      <line num="365" count="0" type="stmt"/>
      <line num="366" count="0" type="stmt"/>
      <line num="367" count="0" type="stmt"/>
      <line num="371" count="0" type="cond" truecount="0" falsecount="2"/>
      <line num="372" count="0" type="cond" truecount="0" falsecount="2"/>
      <line num="373" count="0" type="stmt"/>
      <line num="374" count="0" type="stmt"/>
      <line num="375" count="0" type="stmt"/>
      <line num="376" count="0" type="stmt"/>
      <line num="378" count="0" type="cond" truecount="0" falsecount="2"/>
      <line num="382" count="0" type="cond" truecount="0" falsecount="4"/>
      <line num="383" count="0" type="stmt"/>
      <line num="384" count="0" type="stmt"/>
      <line num="385" count="0" type="stmt"/>
      <line num="388" count="0" type="cond" truecount="0" falsecount="2"/>
      <line num="389" count="0" type="stmt"/>
      <line num="390" count="0" type="stmt"/>
      <line num="393" count="0" type="stmt"/>
      <line num="399" count="0" type="cond" truecount="0" falsecount="2"/>
      <line num="400" count="0" type="stmt"/>
      <line num="410" count="0" type="stmt"/>
      <line num="412" count="0" type="stmt"/>
      <line num="414" count="0" type="stmt"/>
      <line num="415" count="0" type="stmt"/>
      <line num="416" count="0" type="stmt"/>
      <line num="417" count="0" type="cond" truecount="0" falsecount="2"/>
      <line num="420" count="0" type="stmt"/>
      <line num="422" count="0" type="cond" truecount="0" falsecount="2"/>
      <line num="423" count="0" type="cond" truecount="0" falsecount="2"/>
      <line num="424" count="0" type="stmt"/>
      <line num="427" count="0" type="cond" truecount="0" falsecount="2"/>
      <line num="428" count="0" type="stmt"/>
      <line num="429" count="0" type="stmt"/>
      <line num="431" count="0" type="stmt"/>
      <line num="432" count="0" type="stmt"/>
      <line num="434" count="0" type="stmt"/>
      <line num="438" count="0" type="cond" truecount="0" falsecount="2"/>
      <line num="439" count="0" type="cond" truecount="0" falsecount="4"/>
      <line num="440" count="0" type="stmt"/>
      <line num="442" count="0" type="cond" truecount="0" falsecount="2"/>
      <line num="443" count="0" type="stmt"/>
      <line num="445" count="0" type="cond" truecount="0" falsecount="2"/>
      <line num="446" count="0" type="stmt"/>
      <line num="447" count="0" type="cond" truecount="0" falsecount="2"/>
      <line num="448" count="0" type="stmt"/>
      <line num="450" count="0" type="stmt"/>
      <line num="454" count="0" type="cond" truecount="0" falsecount="2"/>
      <line num="455" count="0" type="stmt"/>
      <line num="456" count="0" type="cond" truecount="0" falsecount="2"/>
      <line num="457" count="0" type="stmt"/>
      <line num="459" count="0" type="cond" truecount="0" falsecount="2"/>
      <line num="462" count="0" type="stmt"/>
      <line num="463" count="0" type="cond" truecount="0" falsecount="2"/>
      <line num="464" count="0" type="stmt"/>
      <line num="466" count="0" type="stmt"/>
      <line num="467" count="0" type="stmt"/>
      <line num="469" count="0" type="cond" truecount="0" falsecount="2"/>
      <line num="470" count="0" type="stmt"/>
      <line num="471" count="0" type="stmt"/>
      <line num="472" count="0" type="stmt"/>
      <line num="481" count="0" type="cond" truecount="0" falsecount="2"/>
      <line num="484" count="0" type="cond" truecount="0" falsecount="2"/>
      <line num="485" count="0" type="cond" truecount="0" falsecount="4"/>
      <line num="486" count="0" type="stmt"/>
      <line num="488" count="0" type="stmt"/>
      <line num="489" count="0" type="stmt"/>
      <line num="490" count="0" type="stmt"/>
      <line num="492" count="0" type="stmt"/>
      <line num="506" count="0" type="stmt"/>
      <line num="507" count="0" type="stmt"/>
      <line num="508" count="0" type="cond" truecount="0" falsecount="2"/>
      <line num="509" count="0" type="cond" truecount="0" falsecount="4"/>
      <line num="510" count="0" type="stmt"/>
      <line num="511" count="0" type="stmt"/>
      <line num="513" count="0" type="stmt"/>
      <line num="514" count="0" type="stmt"/>
      <line num="515" count="0" type="stmt"/>
      <line num="519" count="0" type="stmt"/>
      <line num="520" count="0" type="cond" truecount="0" falsecount="4"/>
      <line num="521" count="0" type="stmt"/>
      <line num="526" count="0" type="stmt"/>
      <line num="527" count="0" type="cond" truecount="0" falsecount="2"/>
      <line num="528" count="0" type="cond" truecount="0" falsecount="2"/>
      <line num="529" count="0" type="stmt"/>
      <line num="531" count="0" type="cond" truecount="0" falsecount="4"/>
      <line num="532" count="0" type="stmt"/>
      <line num="534" count="0" type="stmt"/>
      <line num="538" count="0" type="cond" truecount="0" falsecount="2"/>
      <line num="539" count="0" type="stmt"/>
      <line num="540" count="0" type="cond" truecount="0" falsecount="2"/>
      <line num="541" count="0" type="stmt"/>
      <line num="542" count="0" type="stmt"/>
      <line num="544" count="0" type="cond" truecount="0" falsecount="2"/>
      <line num="549" count="0" type="stmt"/>
      <line num="551" count="0" type="cond" truecount="0" falsecount="2"/>
      <line num="552" count="0" type="stmt"/>
      <line num="554" count="0" type="stmt"/>
      <line num="555" count="0" type="cond" truecount="0" falsecount="2"/>
      <line num="558" count="0" type="stmt"/>
      <line num="559" count="0" type="stmt"/>
      <line num="563" count="0" type="cond" truecount="0" falsecount="2"/>
      <line num="564" count="0" type="stmt"/>
      <line num="565" count="0" type="stmt"/>
      <line num="566" count="0" type="cond" truecount="0" falsecount="2"/>
      <line num="567" count="0" type="stmt"/>
      <line num="568" count="0" type="cond" truecount="0" falsecount="2"/>
      <line num="570" count="0" type="stmt"/>
      <line num="574" count="0" type="cond" truecount="0" falsecount="2"/>
      <line num="576" count="0" type="cond" truecount="0" falsecount="2"/>
      <line num="577" count="0" type="stmt"/>
      <line num="589" count="0" type="stmt"/>
      <line num="592" count="0" type="stmt"/>
      <line num="593" count="0" type="cond" truecount="0" falsecount="2"/>
      <line num="594" count="0" type="stmt"/>
      <line num="595" count="0" type="stmt"/>
      <line num="598" count="0" type="cond" truecount="0" falsecount="2"/>
      <line num="599" count="0" type="cond" truecount="0" falsecount="2"/>
      <line num="600" count="0" type="stmt"/>
      <line num="602" count="0" type="cond" truecount="0" falsecount="2"/>
      <line num="604" count="0" type="cond" truecount="0" falsecount="4"/>
      <line num="608" count="0" type="cond" truecount="0" falsecount="4"/>
      <line num="610" count="0" type="cond" truecount="0" falsecount="2"/>
      <line num="611" count="0" type="stmt"/>
      <line num="621" count="0" type="cond" truecount="0" falsecount="3"/>
      <line num="627" count="0" type="cond" truecount="0" falsecount="4"/>
      <line num="629" count="0" type="stmt"/>
      <line num="647" count="0" type="stmt"/>
      <line num="648" count="0" type="stmt"/>
      <line num="650" count="0" type="cond" truecount="0" falsecount="2"/>
      <line num="651" count="0" type="stmt"/>
      <line num="656" count="0" type="cond" truecount="0" falsecount="2"/>
      <line num="658" count="0" type="cond" truecount="0" falsecount="2"/>
      <line num="659" count="0" type="stmt"/>
      <line num="660" count="0" type="stmt"/>
      <line num="663" count="0" type="cond" truecount="0" falsecount="2"/>
      <line num="664" count="0" type="stmt"/>
      <line num="665" count="0" type="cond" truecount="0" falsecount="2"/>
      <line num="666" count="0" type="stmt"/>
      <line num="669" count="0" type="stmt"/>
      <line num="672" count="0" type="cond" truecount="0" falsecount="2"/>
      <line num="676" count="0" type="stmt"/>
      <line num="678" count="0" type="stmt"/>
      <line num="680" count="0" type="stmt"/>
      <line num="681" count="0" type="stmt"/>
      <line num="686" count="0" type="cond" truecount="0" falsecount="2"/>
      <line num="688" count="0" type="cond" truecount="0" falsecount="2"/>
      <line num="689" count="0" type="stmt"/>
      <line num="692" count="0" type="cond" truecount="0" falsecount="2"/>
      <line num="693" count="0" type="stmt"/>
      <line num="696" count="0" type="stmt"/>
      <line num="697" count="0" type="stmt"/>
      <line num="698" count="0" type="stmt"/>
      <line num="700" count="0" type="stmt"/>
      <line num="708" count="0" type="stmt"/>
      <line num="709" count="0" type="cond" truecount="0" falsecount="2"/>
      <line num="710" count="0" type="stmt"/>
      <line num="713" count="0" type="stmt"/>
      <line num="714" count="0" type="stmt"/>
      <line num="715" count="0" type="cond" truecount="0" falsecount="2"/>
      <line num="716" count="0" type="stmt"/>
      <line num="718" count="0" type="stmt"/>
      <line num="721" count="0" type="stmt"/>
      <line num="722" count="0" type="stmt"/>
      <line num="723" count="0" type="stmt"/>
      <line num="725" count="0" type="stmt"/>
      <line num="727" count="0" type="stmt"/>
      <line num="728" count="0" type="cond" truecount="0" falsecount="2"/>
      <line num="729" count="0" type="stmt"/>
      <line num="731" count="0" type="cond" truecount="0" falsecount="2"/>
      <line num="732" count="0" type="stmt"/>
      <line num="734" count="0" type="stmt"/>
      <line num="735" count="0" type="stmt"/>
      <line num="739" count="0" type="cond" truecount="0" falsecount="4"/>
      <line num="740" count="0" type="stmt"/>
      <line num="743" count="0" type="stmt"/>
      <line num="744" count="0" type="stmt"/>
      <line num="745" count="0" type="stmt"/>
      <line num="748" count="0" type="stmt"/>
      <line num="749" count="0" type="stmt"/>
      <line num="764" count="0" type="stmt"/>
      <line num="765" count="0" type="stmt"/>
      <line num="766" count="0" type="stmt"/>
      <line num="767" count="0" type="stmt"/>
      <line num="768" count="0" type="stmt"/>
      <line num="770" count="0" type="stmt"/>
      <line num="771" count="0" type="stmt"/>
      <line num="774" count="0" type="cond" truecount="0" falsecount="2"/>
      <line num="777" count="0" type="stmt"/>
      <line num="779" count="0" type="cond" truecount="0" falsecount="2"/>
      <line num="780" count="0" type="stmt"/>
      <line num="782" count="0" type="stmt"/>
      <line num="785" count="0" type="stmt"/>
      <line num="786" count="0" type="stmt"/>
      <line num="787" count="0" type="stmt"/>
      <line num="788" count="0" type="stmt"/>
      <line num="789" count="0" type="stmt"/>
      <line num="791" count="0" type="stmt"/>
      <line num="792" count="0" type="stmt"/>
      <line num="793" count="0" type="stmt"/>
      <line num="794" count="0" type="stmt"/>
      <line num="797" count="0" type="stmt"/>
      <line num="800" count="0" type="stmt"/>
      <line num="804" count="0" type="stmt"/>
      <line num="805" count="0" type="cond" truecount="0" falsecount="2"/>
      <line num="806" count="0" type="cond" truecount="0" falsecount="2"/>
      <line num="807" count="0" type="stmt"/>
      <line num="809" count="0" type="stmt"/>
      <line num="810" count="0" type="stmt"/>
      <line num="811" count="0" type="stmt"/>
      <line num="815" count="0" type="cond" truecount="0" falsecount="4"/>
      <line num="816" count="0" type="stmt"/>
      <line num="818" count="0" type="cond" truecount="0" falsecount="2"/>
      <line num="819" count="0" type="stmt"/>
      <line num="821" count="0" type="stmt"/>
      <line num="822" count="0" type="stmt"/>
      <line num="823" count="0" type="stmt"/>
      <line num="827" count="0" type="cond" truecount="0" falsecount="2"/>
      <line num="828" count="0" type="stmt"/>
      <line num="829" count="0" type="cond" truecount="0" falsecount="2"/>
      <line num="831" count="0" type="stmt"/>
      <line num="832" count="0" type="stmt"/>
      <line num="833" count="0" type="stmt"/>
      <line num="834" count="0" type="stmt"/>
      <line num="835" count="0" type="stmt"/>
      <line num="839" count="0" type="cond" truecount="0" falsecount="2"/>
      <line num="840" count="0" type="stmt"/>
      <line num="841" count="0" type="stmt"/>
      <line num="842" count="0" type="stmt"/>
      <line num="843" count="0" type="stmt"/>
      <line num="847" count="0" type="cond" truecount="0" falsecount="4"/>
      <line num="848" count="0" type="stmt"/>
      <line num="852" count="0" type="cond" truecount="0" falsecount="2"/>
      <line num="853" count="0" type="stmt"/>
      <line num="854" count="0" type="cond" truecount="0" falsecount="2"/>
      <line num="855" count="0" type="stmt"/>
      <line num="856" count="0" type="stmt"/>
      <line num="857" count="0" type="stmt"/>
      <line num="861" count="0" type="cond" truecount="0" falsecount="2"/>
      <line num="862" count="0" type="stmt"/>
      <line num="863" count="0" type="cond" truecount="0" falsecount="2"/>
      <line num="864" count="0" type="stmt"/>
      <line num="865" count="0" type="stmt"/>
      <line num="866" count="0" type="stmt"/>
      <line num="867" count="0" type="cond" truecount="0" falsecount="2"/>
      <line num="868" count="0" type="stmt"/>
      <line num="869" count="0" type="stmt"/>
      <line num="870" count="0" type="stmt"/>
      <line num="872" count="0" type="stmt"/>
      <line num="876" count="0" type="cond" truecount="0" falsecount="4"/>
      <line num="877" count="0" type="cond" truecount="0" falsecount="5"/>
      <line num="879" count="0" type="cond" truecount="0" falsecount="2"/>
      <line num="880" count="0" type="stmt"/>
      <line num="881" count="0" type="cond" truecount="0" falsecount="2"/>
      <line num="882" count="0" type="stmt"/>
      <line num="883" count="0" type="stmt"/>
      <line num="885" count="0" type="stmt"/>
      <line num="886" count="0" type="cond" truecount="0" falsecount="4"/>
      <line num="887" count="0" type="stmt"/>
      <line num="889" count="0" type="stmt"/>
      <line num="892" count="0" type="stmt"/>
      <line num="893" count="0" type="cond" truecount="0" falsecount="2"/>
      <line num="894" count="0" type="stmt"/>
      <line num="896" count="0" type="stmt"/>
      <line num="899" count="0" type="cond" truecount="0" falsecount="2"/>
      <line num="900" count="0" type="stmt"/>
      <line num="902" count="0" type="stmt"/>
      <line num="903" count="0" type="stmt"/>
      <line num="906" count="0" type="stmt"/>
      <line num="907" count="0" type="stmt"/>
      <line num="910" count="0" type="stmt"/>
      <line num="915" count="0" type="cond" truecount="0" falsecount="4"/>
      <line num="916" count="0" type="stmt"/>
      <line num="919" count="0" type="stmt"/>
      <line num="922" count="0" type="stmt"/>
      <line num="923" count="0" type="stmt"/>
      <line num="925" count="0" type="stmt"/>
      <line num="926" count="0" type="cond" truecount="0" falsecount="2"/>
      <line num="927" count="0" type="stmt"/>
      <line num="928" count="0" type="stmt"/>
      <line num="929" count="0" type="stmt"/>
      <line num="930" count="0" type="stmt"/>
      <line num="931" count="0" type="stmt"/>
      <line num="934" count="0" type="stmt"/>
      <line num="936" count="0" type="cond" truecount="0" falsecount="2"/>
      <line num="937" count="0" type="stmt"/>
      <line num="945" count="0" type="stmt"/>
      <line num="949" count="0" type="stmt"/>
      <line num="951" count="0" type="stmt"/>
      <line num="955" count="0" type="stmt"/>
      <line num="958" count="0" type="cond" truecount="0" falsecount="2"/>
      <line num="959" count="0" type="stmt"/>
      <line num="963" count="0" type="stmt"/>
      <line num="965" count="0" type="cond" truecount="0" falsecount="5"/>
      <line num="970" count="0" type="stmt"/>
      <line num="972" count="0" type="stmt"/>
      <line num="974" count="0" type="cond" truecount="0" falsecount="2"/>
      <line num="975" count="0" type="stmt"/>
      <line num="977" count="0" type="stmt"/>
      <line num="978" count="0" type="cond" truecount="0" falsecount="2"/>
      <line num="979" count="0" type="stmt"/>
      <line num="981" count="0" type="stmt"/>
      <line num="983" count="0" type="stmt"/>
      <line num="984" count="0" type="stmt"/>
      <line num="989" count="0" type="stmt"/>
      <line num="990" count="0" type="cond" truecount="0" falsecount="2"/>
      <line num="991" count="0" type="cond" truecount="0" falsecount="2"/>
      <line num="992" count="0" type="stmt"/>
      <line num="994" count="0" type="stmt"/>
      <line num="995" count="0" type="stmt"/>
      <line num="998" count="0" type="cond" truecount="0" falsecount="2"/>
      <line num="999" count="0" type="stmt"/>
      <line num="1007" count="0" type="cond" truecount="0" falsecount="4"/>
      <line num="1008" count="0" type="stmt"/>
      <line num="1009" count="0" type="stmt"/>
      <line num="1010" count="0" type="stmt"/>
      <line num="1011" count="0" type="stmt"/>
      <line num="1012" count="0" type="stmt"/>
      <line num="1019" count="0" type="cond" truecount="0" falsecount="2"/>
      <line num="1021" count="0" type="cond" truecount="0" falsecount="2"/>
      <line num="1022" count="0" type="stmt"/>
      <line num="1024" count="0" type="stmt"/>
      <line num="1027" count="0" type="cond" truecount="0" falsecount="2"/>
      <line num="1028" count="0" type="cond" truecount="0" falsecount="2"/>
      <line num="1029" count="0" type="cond" truecount="0" falsecount="2"/>
      <line num="1030" count="0" type="stmt"/>
      <line num="1031" count="0" type="cond" truecount="0" falsecount="2"/>
      <line num="1032" count="0" type="cond" truecount="0" falsecount="4"/>
      <line num="1033" count="0" type="stmt"/>
      <line num="1034" count="0" type="stmt"/>
      <line num="1035" count="0" type="cond" truecount="0" falsecount="4"/>
      <line num="1036" count="0" type="stmt"/>
      <line num="1037" count="0" type="stmt"/>
      <line num="1038" count="0" type="cond" truecount="0" falsecount="4"/>
      <line num="1039" count="0" type="stmt"/>
      <line num="1040" count="0" type="stmt"/>
      <line num="1044" count="0" type="cond" truecount="0" falsecount="2"/>
      <line num="1045" count="0" type="stmt"/>
      <line num="1046" count="0" type="cond" truecount="0" falsecount="2"/>
      <line num="1049" count="0" type="stmt"/>
      <line num="1052" count="0" type="stmt"/>
      <line num="1055" count="0" type="stmt"/>
      <line num="1060" count="0" type="stmt"/>
      <line num="1061" count="0" type="stmt"/>
      <line num="1062" count="0" type="stmt"/>
      <line num="1064" count="0" type="cond" truecount="0" falsecount="2"/>
      <line num="1067" count="0" type="stmt"/>
      <line num="1068" count="0" type="stmt"/>
      <line num="1069" count="0" type="cond" truecount="0" falsecount="2"/>
      <line num="1070" count="0" type="cond" truecount="0" falsecount="2"/>
      <line num="1072" count="0" type="stmt"/>
      <line num="1073" count="0" type="stmt"/>
      <line num="1079" count="0" type="cond" truecount="0" falsecount="2"/>
      <line num="1080" count="0" type="stmt"/>
      <line num="1083" count="0" type="stmt"/>
      <line num="1127" count="0" type="cond" truecount="0" falsecount="2"/>
      <line num="1128" count="0" type="cond" truecount="0" falsecount="2"/>
      <line num="1130" count="0" type="stmt"/>
      <line num="1131" count="0" type="stmt"/>
      <line num="1133" count="0" type="cond" truecount="0" falsecount="2"/>
      <line num="1134" count="0" type="stmt"/>
      <line num="1135" count="0" type="stmt"/>
      <line num="1136" count="0" type="stmt"/>
      <line num="1138" count="0" type="stmt"/>
      <line num="1143" count="0" type="stmt"/>
      <line num="1144" count="0" type="stmt"/>
      <line num="1145" count="0" type="stmt"/>
      <line num="1146" count="0" type="stmt"/>
      <line num="1148" count="0" type="cond" truecount="0" falsecount="4"/>
      <line num="1149" count="0" type="stmt"/>
      <line num="1151" count="0" type="cond" truecount="0" falsecount="2"/>
      <line num="1152" count="0" type="stmt"/>
      <line num="1154" count="0" type="stmt"/>
      <line num="1155" count="0" type="stmt"/>
      <line num="1157" count="0" type="cond" truecount="0" falsecount="2"/>
      <line num="1158" count="0" type="stmt"/>
      <line num="1163" count="0" type="stmt"/>
      <line num="1164" count="0" type="stmt"/>
      <line num="1166" count="0" type="stmt"/>
      <line num="1170" count="0" type="stmt"/>
      <line num="1171" count="0" type="cond" truecount="0" falsecount="2"/>
      <line num="1172" count="0" type="cond" truecount="0" falsecount="2"/>
      <line num="1173" count="0" type="stmt"/>
      <line num="1174" count="0" type="stmt"/>
      <line num="1175" count="0" type="stmt"/>
      <line num="1178" count="0" type="stmt"/>
      <line num="1179" count="0" type="cond" truecount="0" falsecount="2"/>
      <line num="1180" count="0" type="cond" truecount="0" falsecount="4"/>
      <line num="1181" count="0" type="stmt"/>
      <line num="1183" count="0" type="stmt"/>
      <line num="1184" count="0" type="stmt"/>
      <line num="1189" count="0" type="stmt"/>
      <line num="1190" count="0" type="cond" truecount="0" falsecount="4"/>
      <line num="1191" count="0" type="stmt"/>
      <line num="1193" count="0" type="cond" truecount="0" falsecount="4"/>
      <line num="1194" count="0" type="stmt"/>
      <line num="1196" count="0" type="stmt"/>
      <line num="1197" count="0" type="stmt"/>
      <line num="1198" count="0" type="cond" truecount="0" falsecount="2"/>
      <line num="1199" count="0" type="stmt"/>
      <line num="1200" count="0" type="stmt"/>
      <line num="1204" count="0" type="cond" truecount="0" falsecount="4"/>
      <line num="1205" count="0" type="stmt"/>
      <line num="1206" count="0" type="stmt"/>
      <line num="1207" count="0" type="cond" truecount="0" falsecount="2"/>
      <line num="1208" count="0" type="stmt"/>
      <line num="1209" count="0" type="stmt"/>
      <line num="1211" count="0" type="stmt"/>
      <line num="1212" count="0" type="stmt"/>
      <line num="1216" count="0" type="cond" truecount="0" falsecount="5"/>
      <line num="1218" count="0" type="stmt"/>
      <line num="1219" count="0" type="stmt"/>
      <line num="1221" count="0" type="stmt"/>
      <line num="1222" count="0" type="stmt"/>
      <line num="1224" count="0" type="stmt"/>
      <line num="1225" count="0" type="stmt"/>
      <line num="1227" count="0" type="stmt"/>
      <line num="1228" count="0" type="stmt"/>
      <line num="1230" count="0" type="stmt"/>
      <line num="1235" count="0" type="stmt"/>
      <line num="1236" count="0" type="cond" truecount="0" falsecount="2"/>
      <line num="1237" count="0" type="stmt"/>
      <line num="1238" count="0" type="stmt"/>
      <line num="1239" count="0" type="stmt"/>
      <line num="1243" count="0" type="stmt"/>
      <line num="1244" count="0" type="cond" truecount="0" falsecount="2"/>
      <line num="1245" count="0" type="stmt"/>
      <line num="1247" count="0" type="stmt"/>
      <line num="1248" count="0" type="stmt"/>
      <line num="1252" count="0" type="stmt"/>
      <line num="1253" count="0" type="cond" truecount="0" falsecount="2"/>
      <line num="1254" count="0" type="stmt"/>
      <line num="1255" count="0" type="stmt"/>
      <line num="1256" count="0" type="stmt"/>
      <line num="1257" count="0" type="stmt"/>
      <line num="1261" count="0" type="cond" truecount="0" falsecount="2"/>
      <line num="1262" count="0" type="cond" truecount="0" falsecount="2"/>
      <line num="1263" count="0" type="stmt"/>
      <line num="1264" count="0" type="cond" truecount="0" falsecount="2"/>
      <line num="1265" count="0" type="stmt"/>
      <line num="1267" count="0" type="stmt"/>
      <line num="1268" count="0" type="stmt"/>
      <line num="1270" count="0" type="stmt"/>
      <line num="1274" count="0" type="stmt"/>
      <line num="1275" count="0" type="cond" truecount="0" falsecount="2"/>
      <line num="1276" count="0" type="stmt"/>
      <line num="1277" count="0" type="stmt"/>
      <line num="1279" count="0" type="cond" truecount="0" falsecount="2"/>
      <line num="1280" count="0" type="stmt"/>
      <line num="1281" count="0" type="stmt"/>
      <line num="1283" count="0" type="stmt"/>
      <line num="1284" count="0" type="cond" truecount="0" falsecount="2"/>
      <line num="1285" count="0" type="stmt"/>
      <line num="1290" count="0" type="stmt"/>
      <line num="1291" count="0" type="cond" truecount="0" falsecount="2"/>
      <line num="1292" count="0" type="stmt"/>
      <line num="1293" count="0" type="stmt"/>
      <line num="1295" count="0" type="stmt"/>
      <line num="1296" count="0" type="stmt"/>
      <line num="1297" count="0" type="cond" truecount="0" falsecount="4"/>
      <line num="1298" count="0" type="stmt"/>
      <line num="1300" count="0" type="stmt"/>
      <line num="1304" count="0" type="cond" truecount="0" falsecount="2"/>
      <line num="1305" count="0" type="cond" truecount="0" falsecount="2"/>
      <line num="1306" count="0" type="cond" truecount="0" falsecount="2"/>
      <line num="1308" count="0" type="cond" truecount="0" falsecount="2"/>
      <line num="1312" count="0" type="stmt"/>
      <line num="1313" count="0" type="cond" truecount="0" falsecount="2"/>
      <line num="1314" count="0" type="stmt"/>
      <line num="1318" count="0" type="stmt"/>
      <line num="1322" count="0" type="stmt"/>
      <line num="1323" count="0" type="cond" truecount="0" falsecount="2"/>
      <line num="1324" count="0" type="stmt"/>
      <line num="1326" count="0" type="cond" truecount="0" falsecount="4"/>
      <line num="1327" count="0" type="stmt"/>
      <line num="1329" count="0" type="stmt"/>
      <line num="1333" count="2" type="cond" truecount="1" falsecount="1"/>
      <line num="1334" count="2" type="cond" truecount="1" falsecount="1"/>
      <line num="1335" count="2" type="cond" truecount="2" falsecount="0"/>
      <line num="1336" count="2" type="cond" truecount="2" falsecount="0"/>
      <line num="1337" count="2" type="cond" truecount="1" falsecount="1"/>
      <line num="1338" count="0" type="cond" truecount="0" falsecount="2"/>
      <line num="1339" count="0" type="stmt"/>
      <line num="1341" count="0" type="stmt"/>
      <line num="1343" count="2" type="cond" truecount="1" falsecount="1"/>
      <line num="1346" count="2" type="stmt"/>
      <line num="1347" count="2" type="cond" truecount="1" falsecount="1"/>
      <line num="1348" count="0" type="stmt"/>
      <line num="1350" count="2" type="stmt"/>
      <line num="1354" count="0" type="cond" truecount="0" falsecount="2"/>
      <line num="1355" count="0" type="stmt"/>
      <line num="1359" count="0" type="stmt"/>
      <line num="1363" count="0" type="cond" truecount="0" falsecount="2"/>
      <line num="1365" count="0" type="cond" truecount="0" falsecount="2"/>
      <line num="1370" count="0" type="stmt"/>
      <line num="1371" count="0" type="stmt"/>
      <line num="1372" count="0" type="cond" truecount="0" falsecount="2"/>
      <line num="1373" count="0" type="stmt"/>
      <line num="1374" count="0" type="cond" truecount="0" falsecount="2"/>
      <line num="1375" count="0" type="stmt"/>
      <line num="1377" count="0" type="stmt"/>
      <line num="1381" count="0" type="cond" truecount="0" falsecount="2"/>
      <line num="1382" count="0" type="stmt"/>
      <line num="1383" count="0" type="cond" truecount="0" falsecount="2"/>
      <line num="1384" count="0" type="stmt"/>
      <line num="1393" count="0" type="stmt"/>
      <line num="1394" count="0" type="stmt"/>
      <line num="1398" count="0" type="stmt"/>
      <line num="1402" count="0" type="cond" truecount="0" falsecount="5"/>
      <line num="1403" count="0" type="stmt"/>
      <line num="1405" count="0" type="cond" truecount="0" falsecount="2"/>
      <line num="1406" count="0" type="stmt"/>
      <line num="1407" count="0" type="stmt"/>
      <line num="1408" count="0" type="stmt"/>
      <line num="1409" count="0" type="stmt"/>
      <line num="1410" count="0" type="cond" truecount="0" falsecount="4"/>
      <line num="1411" count="0" type="cond" truecount="0" falsecount="2"/>
      <line num="1412" count="0" type="stmt"/>
      <line num="1413" count="0" type="cond" truecount="0" falsecount="2"/>
      <line num="1414" count="0" type="stmt"/>
      <line num="1415" count="0" type="cond" truecount="0" falsecount="2"/>
      <line num="1416" count="0" type="stmt"/>
      <line num="1419" count="0" type="stmt"/>
      <line num="1420" count="0" type="cond" truecount="0" falsecount="2"/>
      <line num="1423" count="0" type="stmt"/>
      <line num="1424" count="0" type="stmt"/>
      <line num="1425" count="0" type="stmt"/>
      <line num="1426" count="0" type="cond" truecount="0" falsecount="2"/>
      <line num="1427" count="0" type="stmt"/>
      <line num="1428" count="0" type="cond" truecount="0" falsecount="2"/>
      <line num="1429" count="0" type="cond" truecount="0" falsecount="2"/>
      <line num="1436" count="0" type="cond" truecount="0" falsecount="4"/>
      <line num="1437" count="0" type="stmt"/>
      <line num="1439" count="0" type="stmt"/>
      <line num="1440" count="0" type="stmt"/>
      <line num="1441" count="0" type="stmt"/>
      <line num="1442" count="0" type="stmt"/>
      <line num="1446" count="0" type="cond" truecount="0" falsecount="2"/>
      <line num="1447" count="0" type="stmt"/>
      <line num="1449" count="0" type="stmt"/>
      <line num="1459" count="0" type="cond" truecount="0" falsecount="2"/>
      <line num="1460" count="0" type="stmt"/>
      <line num="1464" count="0" type="cond" truecount="0" falsecount="2"/>
      <line num="1465" count="0" type="stmt"/>
      <line num="1475" count="0" type="cond" truecount="0" falsecount="2"/>
      <line num="1476" count="0" type="stmt"/>
      <line num="1477" count="0" type="stmt"/>
      <line num="1478" count="0" type="stmt"/>
      <line num="1479" count="0" type="cond" truecount="0" falsecount="2"/>
      <line num="1480" count="0" type="stmt"/>
      <line num="1481" count="0" type="cond" truecount="0" falsecount="4"/>
      <line num="1482" count="0" type="cond" truecount="0" falsecount="3"/>
      <line num="1483" count="0" type="stmt"/>
      <line num="1492" count="0" type="stmt"/>
      <line num="1505" count="0" type="cond" truecount="0" falsecount="2"/>
      <line num="1506" count="0" type="stmt"/>
      <line num="1509" count="0" type="stmt"/>
      <line num="1512" count="0" type="stmt"/>
      <line num="1516" count="0" type="cond" truecount="0" falsecount="2"/>
      <line num="1517" count="0" type="stmt"/>
      <line num="1518" count="0" type="stmt"/>
      <line num="1520" count="0" type="stmt"/>
      <line num="1521" count="0" type="stmt"/>
      <line num="1524" count="0" type="cond" truecount="0" falsecount="2"/>
      <line num="1525" count="0" type="cond" truecount="0" falsecount="2"/>
      <line num="1526" count="0" type="stmt"/>
      <line num="1527" count="0" type="stmt"/>
      <line num="1528" count="0" type="stmt"/>
      <line num="1530" count="0" type="cond" truecount="0" falsecount="2"/>
      <line num="1531" count="0" type="stmt"/>
      <line num="1532" count="0" type="stmt"/>
      <line num="1533" count="0" type="stmt"/>
      <line num="1534" count="0" type="cond" truecount="0" falsecount="4"/>
      <line num="1535" count="0" type="stmt"/>
      <line num="1539" count="0" type="stmt"/>
      <line num="1543" count="0" type="cond" truecount="0" falsecount="2"/>
      <line num="1544" count="0" type="cond" truecount="0" falsecount="2"/>
      <line num="1545" count="0" type="stmt"/>
      <line num="1546" count="0" type="stmt"/>
      <line num="1547" count="0" type="stmt"/>
      <line num="1548" count="0" type="cond" truecount="0" falsecount="2"/>
      <line num="1549" count="0" type="stmt"/>
      <line num="1550" count="0" type="cond" truecount="0" falsecount="2"/>
      <line num="1551" count="0" type="cond" truecount="0" falsecount="2"/>
      <line num="1552" count="0" type="stmt"/>
      <line num="1555" count="0" type="stmt"/>
      <line num="1556" count="0" type="stmt"/>
      <line num="1558" count="0" type="stmt"/>
      <line num="1559" count="0" type="stmt"/>
      <line num="1562" count="0" type="stmt"/>
      <line num="1566" count="0" type="cond" truecount="0" falsecount="2"/>
      <line num="1567" count="0" type="stmt"/>
      <line num="1568" count="0" type="cond" truecount="0" falsecount="2"/>
      <line num="1569" count="0" type="stmt"/>
      <line num="1570" count="0" type="stmt"/>
      <line num="1572" count="0" type="cond" truecount="0" falsecount="2"/>
      <line num="1573" count="0" type="cond" truecount="0" falsecount="4"/>
      <line num="1574" count="0" type="stmt"/>
      <line num="1575" count="0" type="stmt"/>
      <line num="1576" count="0" type="cond" truecount="0" falsecount="2"/>
      <line num="1577" count="0" type="stmt"/>
      <line num="1582" count="0" type="stmt"/>
      <line num="1583" count="0" type="cond" truecount="0" falsecount="2"/>
      <line num="1584" count="0" type="stmt"/>
      <line num="1586" count="0" type="stmt"/>
      <line num="1587" count="0" type="cond" truecount="0" falsecount="2"/>
      <line num="1588" count="0" type="stmt"/>
      <line num="1595" count="0" type="stmt"/>
      <line num="1597" count="0" type="cond" truecount="0" falsecount="2"/>
      <line num="1598" count="0" type="stmt"/>
      <line num="1600" count="0" type="stmt"/>
      <line num="1601" count="0" type="stmt"/>
      <line num="1602" count="0" type="stmt"/>
      <line num="1606" count="0" type="cond" truecount="0" falsecount="2"/>
      <line num="1607" count="0" type="stmt"/>
      <line num="1608" count="0" type="stmt"/>
      <line num="1611" count="0" type="cond" truecount="0" falsecount="2"/>
      <line num="1612" count="0" type="stmt"/>
      <line num="1613" count="0" type="stmt"/>
      <line num="1614" count="0" type="stmt"/>
      <line num="1617" count="0" type="stmt"/>
      <line num="1618" count="0" type="stmt"/>
      <line num="1619" count="0" type="stmt"/>
      <line num="1620" count="0" type="stmt"/>
      <line num="1622" count="0" type="cond" truecount="0" falsecount="2"/>
      <line num="1623" count="0" type="stmt"/>
      <line num="1624" count="0" type="stmt"/>
      <line num="1627" count="0" type="stmt"/>
      <line num="1629" count="0" type="cond" truecount="0" falsecount="2"/>
      <line num="1630" count="0" type="stmt"/>
      <line num="1631" count="0" type="stmt"/>
      <line num="1634" count="0" type="cond" truecount="0" falsecount="2"/>
      <line num="1636" count="0" type="cond" truecount="0" falsecount="3"/>
      <line num="1638" count="0" type="stmt"/>
      <line num="1639" count="0" type="stmt"/>
      <line num="1642" count="0" type="stmt"/>
      <line num="1643" count="0" type="cond" truecount="0" falsecount="4"/>
      <line num="1644" count="0" type="stmt"/>
      <line num="1648" count="0" type="stmt"/>
      <line num="1650" count="0" type="cond" truecount="0" falsecount="4"/>
      <line num="1651" count="0" type="stmt"/>
      <line num="1655" count="0" type="stmt"/>
      <line num="1657" count="0" type="cond" truecount="0" falsecount="4"/>
      <line num="1658" count="0" type="stmt"/>
      <line num="1662" count="0" type="stmt"/>
      <line num="1667" count="0" type="cond" truecount="0" falsecount="4"/>
      <line num="1668" count="0" type="cond" truecount="0" falsecount="2"/>
      <line num="1669" count="0" type="stmt"/>
      <line num="1670" count="0" type="stmt"/>
      <line num="1674" count="0" type="cond" truecount="0" falsecount="4"/>
      <line num="1675" count="0" type="stmt"/>
      <line num="1676" count="0" type="stmt"/>
      <line num="1677" count="0" type="stmt"/>
      <line num="1678" count="0" type="cond" truecount="0" falsecount="4"/>
      <line num="1679" count="0" type="stmt"/>
      <line num="1683" count="0" type="stmt"/>
      <line num="1684" count="0" type="stmt"/>
      <line num="1685" count="0" type="stmt"/>
      <line num="1687" count="0" type="stmt"/>
      <line num="1695" count="0" type="cond" truecount="0" falsecount="4"/>
      <line num="1697" count="0" type="stmt"/>
      <line num="1698" count="0" type="stmt"/>
      <line num="1699" count="0" type="stmt"/>
      <line num="1700" count="0" type="stmt"/>
      <line num="1701" count="0" type="stmt"/>
      <line num="1705" count="0" type="cond" truecount="0" falsecount="2"/>
      <line num="1706" count="0" type="stmt"/>
      <line num="1707" count="0" type="cond" truecount="0" falsecount="2"/>
      <line num="1709" count="0" type="cond" truecount="0" falsecount="2"/>
      <line num="1710" count="0" type="stmt"/>
      <line num="1711" count="0" type="stmt"/>
      <line num="1714" count="0" type="stmt"/>
      <line num="1715" count="0" type="cond" truecount="0" falsecount="4"/>
      <line num="1716" count="0" type="stmt"/>
      <line num="1717" count="0" type="stmt"/>
      <line num="1721" count="0" type="cond" truecount="0" falsecount="3"/>
      <line num="1722" count="0" type="stmt"/>
      <line num="1724" count="0" type="cond" truecount="0" falsecount="3"/>
      <line num="1727" count="0" type="cond" truecount="0" falsecount="2"/>
      <line num="1728" count="0" type="stmt"/>
      <line num="1729" count="0" type="stmt"/>
      <line num="1732" count="0" type="stmt"/>
      <line num="1733" count="0" type="stmt"/>
      <line num="1734" count="0" type="stmt"/>
      <line num="1736" count="0" type="stmt"/>
      <line num="1744" count="0" type="stmt"/>
      <line num="1745" count="0" type="stmt"/>
      <line num="1746" count="0" type="stmt"/>
      <line num="1747" count="0" type="stmt"/>
      <line num="1748" count="0" type="stmt"/>
      <line num="1749" count="0" type="stmt"/>
      <line num="1750" count="0" type="stmt"/>
      <line num="1751" count="0" type="stmt"/>
      <line num="1752" count="0" type="stmt"/>
      <line num="1753" count="0" type="stmt"/>
      <line num="1754" count="0" type="stmt"/>
      <line num="1755" count="0" type="stmt"/>
      <line num="1756" count="0" type="stmt"/>
      <line num="1757" count="0" type="stmt"/>
      <line num="1758" count="0" type="stmt"/>
      <line num="1759" count="0" type="stmt"/>
      <line num="1763" count="0" type="stmt"/>
      <line num="1764" count="0" type="stmt"/>
      <line num="1765" count="0" type="cond" truecount="0" falsecount="2"/>
      <line num="1766" count="0" type="cond" truecount="0" falsecount="2"/>
      <line num="1767" count="0" type="stmt"/>
      <line num="1769" count="0" type="cond" truecount="0" falsecount="2"/>
      <line num="1770" count="0" type="stmt"/>
      <line num="1772" count="0" type="stmt"/>
      <line num="1773" count="0" type="stmt"/>
      <line num="1774" count="0" type="stmt"/>
      <line num="1775" count="0" type="stmt"/>
      <line num="1776" count="0" type="stmt"/>
      <line num="1777" count="0" type="stmt"/>
      <line num="1781" count="0" type="cond" truecount="0" falsecount="4"/>
      <line num="1782" count="0" type="stmt"/>
      <line num="1783" count="0" type="cond" truecount="0" falsecount="2"/>
      <line num="1784" count="0" type="stmt"/>
      <line num="1785" count="0" type="stmt"/>
      <line num="1786" count="0" type="stmt"/>
      <line num="1787" count="0" type="stmt"/>
      <line num="1788" count="0" type="stmt"/>
      <line num="1789" count="0" type="stmt"/>
      <line num="1790" count="0" type="stmt"/>
      <line num="1794" count="0" type="cond" truecount="0" falsecount="2"/>
      <line num="1795" count="0" type="stmt"/>
      <line num="1796" count="0" type="stmt"/>
      <line num="1801" count="0" type="cond" truecount="0" falsecount="2"/>
      <line num="1802" count="0" type="stmt"/>
      <line num="1803" count="0" type="stmt"/>
      <line num="1804" count="0" type="stmt"/>
      <line num="1805" count="0" type="stmt"/>
      <line num="1806" count="0" type="cond" truecount="0" falsecount="2"/>
      <line num="1807" count="0" type="stmt"/>
      <line num="1808" count="0" type="stmt"/>
      <line num="1810" count="0" type="stmt"/>
      <line num="1811" count="0" type="stmt"/>
      <line num="1813" count="0" type="stmt"/>
      <line num="1814" count="0" type="stmt"/>
      <line num="1815" count="0" type="cond" truecount="0" falsecount="2"/>
      <line num="1816" count="0" type="stmt"/>
      <line num="1818" count="0" type="stmt"/>
      <line num="1819" count="0" type="stmt"/>
      <line num="1820" count="0" type="stmt"/>
      <line num="1821" count="0" type="stmt"/>
      <line num="1825" count="0" type="cond" truecount="0" falsecount="2"/>
      <line num="1826" count="0" type="stmt"/>
      <line num="1830" count="0" type="stmt"/>
      <line num="1831" count="0" type="stmt"/>
      <line num="1832" count="0" type="stmt"/>
      <line num="1833" count="0" type="stmt"/>
      <line num="1834" count="0" type="stmt"/>
      <line num="1835" count="0" type="cond" truecount="0" falsecount="2"/>
      <line num="1836" count="0" type="stmt"/>
      <line num="1837" count="0" type="cond" truecount="0" falsecount="4"/>
      <line num="1838" count="0" type="stmt"/>
      <line num="1839" count="0" type="stmt"/>
      <line num="1840" count="0" type="stmt"/>
      <line num="1841" count="0" type="stmt"/>
      <line num="1842" count="0" type="stmt"/>
      <line num="1843" count="0" type="stmt"/>
      <line num="1845" count="0" type="stmt"/>
      <line num="1846" count="0" type="stmt"/>
      <line num="1847" count="0" type="stmt"/>
      <line num="1848" count="0" type="stmt"/>
      <line num="1849" count="0" type="stmt"/>
      <line num="1850" count="0" type="stmt"/>
      <line num="1858" count="0" type="stmt"/>
      <line num="1861" count="0" type="stmt"/>
      <line num="1868" count="0" type="stmt"/>
      <line num="1872" count="0" type="cond" truecount="0" falsecount="2"/>
      <line num="1873" count="0" type="cond" truecount="0" falsecount="2"/>
      <line num="1874" count="0" type="stmt"/>
      <line num="1880" count="0" type="stmt"/>
      <line num="1885" count="0" type="cond" truecount="0" falsecount="4"/>
      <line num="1886" count="0" type="cond" truecount="0" falsecount="2"/>
      <line num="1887" count="0" type="stmt"/>
      <line num="1888" count="0" type="stmt"/>
      <line num="1889" count="0" type="stmt"/>
      <line num="1891" count="0" type="stmt"/>
      <line num="1894" count="0" type="stmt"/>
      <line num="1895" count="0" type="stmt"/>
      <line num="1896" count="0" type="stmt"/>
      <line num="1897" count="0" type="stmt"/>
      <line num="1898" count="0" type="stmt"/>
      <line num="1900" count="0" type="stmt"/>
      <line num="1901" count="0" type="cond" truecount="0" falsecount="2"/>
      <line num="1902" count="0" type="stmt"/>
      <line num="1903" count="0" type="stmt"/>
      <line num="1904" count="0" type="stmt"/>
      <line num="1910" count="0" type="cond" truecount="0" falsecount="2"/>
      <line num="1911" count="0" type="stmt"/>
      <line num="1912" count="0" type="cond" truecount="0" falsecount="2"/>
      <line num="1913" count="0" type="cond" truecount="0" falsecount="2"/>
      <line num="1914" count="0" type="stmt"/>
      <line num="1915" count="0" type="cond" truecount="0" falsecount="4"/>
      <line num="1916" count="0" type="stmt"/>
      <line num="1917" count="0" type="cond" truecount="0" falsecount="4"/>
      <line num="1920" count="0" type="stmt"/>
      <line num="1944" count="0" type="stmt"/>
      <line num="2017" count="0" type="stmt"/>
      <line num="2018" count="0" type="stmt"/>
      <line num="2022" count="0" type="cond" truecount="0" falsecount="2"/>
      <line num="2023" count="0" type="cond" truecount="0" falsecount="2"/>
      <line num="2024" count="0" type="stmt"/>
      <line num="2026" count="0" type="stmt"/>
      <line num="2028" count="0" type="stmt"/>
      <line num="2029" count="0" type="stmt"/>
      <line num="2031" count="0" type="stmt"/>
      <line num="2039" count="0" type="stmt"/>
      <line num="2046" count="0" type="stmt"/>
      <line num="2047" count="0" type="cond" truecount="0" falsecount="4"/>
      <line num="2048" count="0" type="cond" truecount="0" falsecount="2"/>
      <line num="2049" count="0" type="stmt"/>
      <line num="2050" count="0" type="stmt"/>
      <line num="2053" count="0" type="stmt"/>
      <line num="2055" count="0" type="cond" truecount="0" falsecount="3"/>
      <line num="2056" count="0" type="cond" truecount="0" falsecount="2"/>
      <line num="2058" count="0" type="cond" truecount="0" falsecount="4"/>
      <line num="2059" count="0" type="stmt"/>
      <line num="2060" count="0" type="stmt"/>
      <line num="2063" count="0" type="cond" truecount="0" falsecount="2"/>
      <line num="2064" count="0" type="stmt"/>
      <line num="2066" count="0" type="stmt"/>
      <line num="2068" count="0" type="stmt"/>
      <line num="2069" count="0" type="stmt"/>
      <line num="2093" count="0" type="stmt"/>
      <line num="2094" count="0" type="stmt"/>
      <line num="2097" count="0" type="stmt"/>
      <line num="2098" count="0" type="stmt"/>
      <line num="2102" count="0" type="cond" truecount="0" falsecount="5"/>
      <line num="2103" count="0" type="cond" truecount="0" falsecount="2"/>
      <line num="2104" count="0" type="cond" truecount="0" falsecount="2"/>
      <line num="2105" count="0" type="stmt"/>
      <line num="2106" count="0" type="stmt"/>
      <line num="2107" count="0" type="stmt"/>
      <line num="2108" count="0" type="stmt"/>
      <line num="2109" count="0" type="stmt"/>
      <line num="2111" count="0" type="cond" truecount="0" falsecount="2"/>
      <line num="2112" count="0" type="stmt"/>
      <line num="2114" count="0" type="cond" truecount="0" falsecount="2"/>
      <line num="2115" count="0" type="stmt"/>
      <line num="2118" count="0" type="stmt"/>
      <line num="2119" count="0" type="stmt"/>
      <line num="2121" count="0" type="stmt"/>
      <line num="2125" count="0" type="cond" truecount="0" falsecount="5"/>
      <line num="2126" count="0" type="stmt"/>
      <line num="2128" count="0" type="stmt"/>
      <line num="2132" count="0" type="stmt"/>
      <line num="2142" count="0" type="stmt"/>
      <line num="2143" count="0" type="stmt"/>
      <line num="2147" count="0" type="stmt"/>
      <line num="2148" count="0" type="cond" truecount="0" falsecount="2"/>
      <line num="2150" count="0" type="stmt"/>
      <line num="2151" count="0" type="stmt"/>
      <line num="2152" count="0" type="stmt"/>
      <line num="2155" count="0" type="stmt"/>
      <line num="2156" count="0" type="stmt"/>
      <line num="2157" count="0" type="stmt"/>
      <line num="2158" count="0" type="cond" truecount="0" falsecount="2"/>
      <line num="2159" count="0" type="stmt"/>
      <line num="2161" count="0" type="stmt"/>
      <line num="2163" count="0" type="cond" truecount="0" falsecount="2"/>
      <line num="2164" count="0" type="stmt"/>
      <line num="2167" count="0" type="stmt"/>
      <line num="2168" count="0" type="cond" truecount="0" falsecount="2"/>
      <line num="2170" count="0" type="stmt"/>
      <line num="2171" count="0" type="stmt"/>
      <line num="2181" count="0" type="stmt"/>
      <line num="2189" count="0" type="stmt"/>
      <line num="2193" count="0" type="stmt"/>
      <line num="2194" count="0" type="cond" truecount="0" falsecount="4"/>
      <line num="2195" count="0" type="cond" truecount="0" falsecount="2"/>
      <line num="2197" count="0" type="cond" truecount="0" falsecount="1"/>
      <line num="2198" count="0" type="cond" truecount="0" falsecount="4"/>
      <line num="2199" count="0" type="stmt"/>
      <line num="2200" count="0" type="cond" truecount="0" falsecount="2"/>
      <line num="2203" count="0" type="stmt"/>
      <line num="2204" count="0" type="cond" truecount="0" falsecount="2"/>
      <line num="2205" count="0" type="stmt"/>
      <line num="2208" count="0" type="stmt"/>
      <line num="2209" count="0" type="stmt"/>
      <line num="2210" count="0" type="stmt"/>
      <line num="2211" count="0" type="stmt"/>
      <line num="2212" count="0" type="stmt"/>
      <line num="2213" count="0" type="stmt"/>
      <line num="2214" count="0" type="stmt"/>
      <line num="2216" count="0" type="cond" truecount="0" falsecount="4"/>
      <line num="2217" count="0" type="stmt"/>
      <line num="2224" count="0" type="cond" truecount="0" falsecount="4"/>
      <line num="2225" count="0" type="stmt"/>
      <line num="2234" count="0" type="cond" truecount="0" falsecount="4"/>
      <line num="2235" count="0" type="stmt"/>
      <line num="2244" count="0" type="cond" truecount="0" falsecount="4"/>
      <line num="2245" count="0" type="stmt"/>
      <line num="2254" count="0" type="cond" truecount="0" falsecount="5"/>
      <line num="2255" count="0" type="stmt"/>
      <line num="2264" count="0" type="cond" truecount="0" falsecount="2"/>
      <line num="2265" count="0" type="stmt"/>
      <line num="2275" count="0" type="stmt"/>
      <line num="2279" count="0" type="stmt"/>
      <line num="2280" count="0" type="cond" truecount="0" falsecount="2"/>
      <line num="2282" count="0" type="cond" truecount="0" falsecount="2"/>
      <line num="2283" count="0" type="stmt"/>
      <line num="2290" count="0" type="stmt"/>
      <line num="2293" count="0" type="stmt"/>
      <line num="2295" count="0" type="stmt"/>
      <line num="2310" count="0" type="stmt"/>
      <line num="2317" count="0" type="cond" truecount="0" falsecount="2"/>
      <line num="2318" count="0" type="stmt"/>
      <line num="2319" count="0" type="stmt"/>
      <line num="2333" count="2" type="stmt"/>
      <line num="2334" count="2" type="stmt"/>
      <line num="2335" count="2" type="stmt"/>
      <line num="2339" count="0" type="stmt"/>
      <line num="2340" count="0" type="cond" truecount="0" falsecount="2"/>
      <line num="2342" count="0" type="stmt"/>
      <line num="2345" count="0" type="stmt"/>
      <line num="2346" count="0" type="stmt"/>
      <line num="2347" count="0" type="stmt"/>
      <line num="2348" count="0" type="cond" truecount="0" falsecount="4"/>
      <line num="2349" count="0" type="stmt"/>
      <line num="2352" count="0" type="stmt"/>
      <line num="2353" count="0" type="stmt"/>
      <line num="2354" count="0" type="stmt"/>
      <line num="2355" count="0" type="stmt"/>
      <line num="2357" count="0" type="stmt"/>
      <line num="2358" count="0" type="stmt"/>
      <line num="2360" count="0" type="stmt"/>
      <line num="2364" count="0" type="cond" truecount="0" falsecount="2"/>
      <line num="2365" count="0" type="stmt"/>
      <line num="2366" count="0" type="stmt"/>
      <line num="2369" count="0" type="stmt"/>
      <line num="2370" count="0" type="stmt"/>
      <line num="2374" count="0" type="cond" truecount="0" falsecount="2"/>
      <line num="2376" count="0" type="stmt"/>
      <line num="2377" count="0" type="stmt"/>
      <line num="2387" count="0" type="stmt"/>
      <line num="2388" count="0" type="cond" truecount="0" falsecount="2"/>
      <line num="2390" count="0" type="cond" truecount="0" falsecount="2"/>
      <line num="2391" count="0" type="cond" truecount="0" falsecount="2"/>
      <line num="2392" count="0" type="stmt"/>
      <line num="2398" count="0" type="stmt"/>
      <line num="2401" count="0" type="stmt"/>
      <line num="2402" count="0" type="cond" truecount="0" falsecount="2"/>
      <line num="2405" count="0" type="stmt"/>
      <line num="2406" count="0" type="stmt"/>
      <line num="2411" count="0" type="stmt"/>
      <line num="2412" count="0" type="cond" truecount="0" falsecount="2"/>
      <line num="2414" count="0" type="cond" truecount="0" falsecount="2"/>
      <line num="2415" count="0" type="stmt"/>
      <line num="2419" count="0" type="stmt"/>
      <line num="2422" count="0" type="cond" truecount="0" falsecount="2"/>
      <line num="2423" count="0" type="stmt"/>
      <line num="2426" count="0" type="stmt"/>
      <line num="2433" count="0" type="stmt"/>
      <line num="2442" count="0" type="stmt"/>
      <line num="2452" count="0" type="cond" truecount="0" falsecount="2"/>
      <line num="2475" count="0" type="stmt"/>
      <line num="2487" count="0" type="stmt"/>
      <line num="2488" count="0" type="stmt"/>
      <line num="2489" count="0" type="stmt"/>
      <line num="2494" count="0" type="stmt"/>
      <line num="2495" count="0" type="stmt"/>
      <line num="2496" count="0" type="stmt"/>
      <line num="2497" count="0" type="stmt"/>
      <line num="2504" count="0" type="cond" truecount="0" falsecount="2"/>
      <line num="2505" count="0" type="cond" truecount="0" falsecount="2"/>
      <line num="2506" count="0" type="cond" truecount="0" falsecount="2"/>
      <line num="2507" count="0" type="cond" truecount="0" falsecount="2"/>
      <line num="2509" count="0" type="stmt"/>
      <line num="2510" count="0" type="stmt"/>
      <line num="2511" count="0" type="stmt"/>
      <line num="2512" count="0" type="stmt"/>
      <line num="2514" count="0" type="cond" truecount="0" falsecount="4"/>
      <line num="2517" count="0" type="stmt"/>
      <line num="2533" count="0" type="stmt"/>
      <line num="2534" count="0" type="stmt"/>
      <line num="2535" count="0" type="stmt"/>
      <line num="2536" count="0" type="cond" truecount="0" falsecount="4"/>
      <line num="2539" count="0" type="stmt"/>
      <line num="2540" count="0" type="cond" truecount="0" falsecount="4"/>
      <line num="2543" count="0" type="stmt"/>
      <line num="2545" count="0" type="cond" truecount="0" falsecount="8"/>
      <line num="2549" count="0" type="stmt"/>
      <line num="2550" count="0" type="cond" truecount="0" falsecount="2"/>
      <line num="2551" count="0" type="cond" truecount="0" falsecount="2"/>
      <line num="2552" count="0" type="stmt"/>
      <line num="2555" count="0" type="stmt"/>
      <line num="2558" count="0" type="cond" truecount="0" falsecount="2"/>
      <line num="2566" count="1" type="cond" truecount="3" falsecount="1"/>
      <line num="2567" count="0" type="stmt"/>
      <line num="2569" count="1" type="stmt"/>
      <line num="2571" count="39" type="stmt"/>
      <line num="2572" count="1" type="stmt"/>
      <line num="2573" count="1" type="stmt"/>
      <line num="2574" count="1" type="stmt"/>
      <line num="2575" count="1" type="stmt"/>
      <line num="2579" count="2" type="stmt"/>
      <line num="2580" count="2" type="stmt"/>
      <line num="2581" count="50" type="cond" truecount="1" falsecount="1"/>
      <line num="2582" count="50" type="stmt"/>
      <line num="2583" count="50" type="cond" truecount="2" falsecount="0"/>
      <line num="2584" count="4" type="stmt"/>
      <line num="2593" count="50" type="stmt"/>
      <line num="2594" count="50" type="cond" truecount="1" falsecount="1"/>
      <line num="2595" count="50" type="stmt"/>
      <line num="2596" count="50" type="stmt"/>
      <line num="2598" count="50" type="cond" truecount="1" falsecount="1"/>
      <line num="2599" count="50" type="stmt"/>
      <line num="2600" count="50" type="stmt"/>
      <line num="2602" count="50" type="cond" truecount="1" falsecount="1"/>
      <line num="2603" count="50" type="stmt"/>
      <line num="2607" count="2" type="stmt"/>
      <line num="2609" count="4" type="stmt"/>
      <line num="2610" count="4" type="cond" truecount="1" falsecount="1"/>
      <line num="2616" count="4" type="cond" truecount="1" falsecount="1"/>
      <line num="2617" count="4" type="cond" truecount="1" falsecount="1"/>
      <line num="2619" count="4" type="cond" truecount="3" falsecount="1"/>
      <line num="2620" count="4" type="stmt"/>
      <line num="2630" count="2" type="stmt"/>
      <line num="2634" count="0" type="stmt"/>
      <line num="2635" count="0" type="cond" truecount="0" falsecount="2"/>
      <line num="2636" count="0" type="stmt"/>
      <line num="2638" count="0" type="stmt"/>
      <line num="2654" count="0" type="stmt"/>
      <line num="2666" count="0" type="stmt"/>
      <line num="2667" count="0" type="cond" truecount="0" falsecount="2"/>
      <line num="2668" count="0" type="stmt"/>
      <line num="2669" count="0" type="stmt"/>
      <line num="2671" count="0" type="stmt"/>
      <line num="2673" count="0" type="stmt"/>
      <line num="2685" count="0" type="stmt"/>
      <line num="2698" count="0" type="stmt"/>
      <line num="2699" count="0" type="stmt"/>
      <line num="2701" count="0" type="cond" truecount="0" falsecount="2"/>
      <line num="2703" count="0" type="cond" truecount="0" falsecount="2"/>
      <line num="2704" count="0" type="stmt"/>
      <line num="2706" count="0" type="stmt"/>
      <line num="2707" count="0" type="stmt"/>
      <line num="2708" count="0" type="stmt"/>
      <line num="2709" count="0" type="stmt"/>
      <line num="2710" count="0" type="stmt"/>
      <line num="2711" count="0" type="stmt"/>
      <line num="2713" count="0" type="stmt"/>
      <line num="2715" count="0" type="cond" truecount="0" falsecount="2"/>
      <line num="2718" count="0" type="stmt"/>
      <line num="2719" count="0" type="stmt"/>
      <line num="2722" count="0" type="stmt"/>
      <line num="2730" count="0" type="cond" truecount="0" falsecount="4"/>
      <line num="2731" count="0" type="stmt"/>
      <line num="2732" count="0" type="stmt"/>
      <line num="2733" count="0" type="cond" truecount="0" falsecount="4"/>
      <line num="2734" count="0" type="stmt"/>
      <line num="2738" count="0" type="cond" truecount="0" falsecount="1"/>
      <line num="2739" count="0" type="cond" truecount="0" falsecount="2"/>
      <line num="2740" count="0" type="stmt"/>
      <line num="2741" count="0" type="cond" truecount="0" falsecount="2"/>
      <line num="2742" count="0" type="cond" truecount="0" falsecount="4"/>
      <line num="2743" count="0" type="cond" truecount="0" falsecount="2"/>
      <line num="2748" count="0" type="cond" truecount="0" falsecount="2"/>
      <line num="2749" count="0" type="cond" truecount="0" falsecount="4"/>
      <line num="2751" count="0" type="stmt"/>
      <line num="2788" count="0" type="cond" truecount="0" falsecount="2"/>
      <line num="2789" count="0" type="cond" truecount="0" falsecount="2"/>
      <line num="2790" count="0" type="cond" truecount="0" falsecount="2"/>
      <line num="2791" count="0" type="cond" truecount="0" falsecount="2"/>
      <line num="2793" count="0" type="stmt"/>
      <line num="2795" count="0" type="stmt"/>
      <line num="2796" count="0" type="cond" truecount="0" falsecount="2"/>
      <line num="2797" count="0" type="cond" truecount="0" falsecount="2"/>
      <line num="2798" count="0" type="cond" truecount="0" falsecount="2"/>
      <line num="2799" count="0" type="stmt"/>
      <line num="2815" count="0" type="stmt"/>
      <line num="2836" count="0" type="cond" truecount="0" falsecount="2"/>
      <line num="2837" count="0" type="stmt"/>
      <line num="2841" count="0" type="stmt"/>
      <line num="2842" count="0" type="cond" truecount="0" falsecount="2"/>
      <line num="2846" count="0" type="cond" truecount="0" falsecount="2"/>
      <line num="2847" count="0" type="stmt"/>
      <line num="2860" count="0" type="stmt"/>
      <line num="2861" count="0" type="stmt"/>
      <line num="2862" count="0" type="cond" truecount="0" falsecount="2"/>
      <line num="2863" count="0" type="cond" truecount="0" falsecount="2"/>
      <line num="2864" count="0" type="stmt"/>
      <line num="2869" count="0" type="stmt"/>
      <line num="2870" count="0" type="stmt"/>
      <line num="2874" count="0" type="stmt"/>
      <line num="2875" count="0" type="stmt"/>
      <line num="2880" count="0" type="stmt"/>
      <line num="2881" count="0" type="stmt"/>
      <line num="2886" count="0" type="stmt"/>
      <line num="2891" count="0" type="cond" truecount="0" falsecount="2"/>
      <line num="2892" count="0" type="stmt"/>
      <line num="2893" count="0" type="cond" truecount="0" falsecount="2"/>
      <line num="2894" count="0" type="stmt"/>
      <line num="2896" count="0" type="stmt"/>
      <line num="2900" count="0" type="stmt"/>
      <line num="2901" count="0" type="stmt"/>
      <line num="2911" count="0" type="stmt"/>
      <line num="2923" count="0" type="stmt"/>
      <line num="2924" count="0" type="cond" truecount="0" falsecount="2"/>
      <line num="2926" count="0" type="stmt"/>
      <line num="2927" count="0" type="stmt"/>
      <line num="2928" count="0" type="cond" truecount="0" falsecount="2"/>
      <line num="2931" count="0" type="cond" truecount="0" falsecount="2"/>
      <line num="2934" count="0" type="cond" truecount="0" falsecount="2"/>
      <line num="2935" count="0" type="stmt"/>
      <line num="2972" count="0" type="stmt"/>
      <line num="2974" count="0" type="cond" truecount="0" falsecount="2"/>
      <line num="2975" count="0" type="stmt"/>
      <line num="2976" count="0" type="stmt"/>
      <line num="2977" count="0" type="stmt"/>
      <line num="2978" count="0" type="stmt"/>
      <line num="2982" count="0" type="stmt"/>
      <line num="2983" count="0" type="cond" truecount="0" falsecount="2"/>
      <line num="2984" count="0" type="stmt"/>
      <line num="2985" count="0" type="stmt"/>
      <line num="2988" count="0" type="stmt"/>
      <line num="2989" count="0" type="stmt"/>
      <line num="2990" count="0" type="stmt"/>
      <line num="2991" count="0" type="stmt"/>
      <line num="2992" count="0" type="stmt"/>
      <line num="2993" count="0" type="stmt"/>
      <line num="3001" count="2" type="stmt"/>
      <line num="3003" count="2" type="cond" truecount="1" falsecount="1"/>
      <line num="3004" count="2" type="stmt"/>
      <line num="3005" count="2" type="stmt"/>
      <line num="3006" count="2" type="stmt"/>
      <line num="3007" count="2" type="stmt"/>
      <line num="3008" count="2" type="stmt"/>
      <line num="3011" count="2" type="cond" truecount="3" falsecount="1"/>
      <line num="3012" count="2" type="stmt"/>
      <line num="3020" count="2" type="stmt"/>
      <line num="3021" count="0" type="cond" truecount="0" falsecount="2"/>
      <line num="3023" count="0" type="stmt"/>
    </file>
  </project>
</coverage>
